Microsoft (R) Macro Assembler Version 6.11		    10/19/16 12:23:22
demo							     Page 1 - 1


				Microsoft (R) Macro Assembler Version 6.11		    10/18/16 22:08:14
demo6.asm(1): error A2008: syntax error : (
				demo							     Page 1 - 1
demo6.asm(2): error A2008: syntax error : demo


								TITLE demo

								; Alistair Campbell
								; keyboard interrupt

								include irvine16.inc
			      C ; Irvine16.inc - Include file for programs using
			      C ; the Irvine16.lib (Real-address mode library).
			      C 
			      C ; Last update: 7/29/05
			      C 
			      C .NOLIST
			      C .LIST
			      C 
							      C ; Irvine16.inc - Include file for programs using
demo6.asm(11): error A2008: syntax error : C
							      C ; the Irvine16.lib (Real-address mode library).
demo6.asm(12): error A2008: syntax error : C
							      C 
demo6.asm(13): error A2008: syntax error : C
							      C ; Last update: 7/29/05
demo6.asm(14): error A2008: syntax error : C
							      C 
demo6.asm(15): error A2008: syntax error : C
							      C .NOLIST
demo6.asm(16): error A2008: syntax error : .NOLIST
							      C .LIST
demo6.asm(17): error A2008: syntax error : .LIST
							      C 
demo6.asm(18): error A2008: syntax error : C

				 0000				.code
demo6.asm(20): error A2008: syntax error : integer

				 0000 30 31 32 33 34 35		hex byte "0123456789abcdef"
demo6.asm(22): error A2008: syntax error : integer
				       36 37 38 39 61 62
demo6.asm(23): error A2008: syntax error : integer
				       63 64 65 66
demo6.asm(24): error A2008: syntax error : integer

				 0010				Out16 PROC
demo6.asm(26): error A2008: syntax error : Out16
									; STDCALL 16-bit value parameter
									; output in hex

				 0010  55				push bp
demo6.asm(30): error A2008: syntax error : integer
				 0011  8B EC				mov bp, sp
demo6.asm(31): error A2048: nondigit in number
									
				 0013  50				push ax
demo6.asm(33): error A2008: syntax error : integer
				 0014  53				push bx
demo6.asm(34): error A2008: syntax error : integer
				 0015  51				push cx
demo6.asm(35): error A2008: syntax error : integer
				 0016  52				push dx
demo6.asm(36): error A2008: syntax error : integer
									
				 0017  8B 56 04				mov	dx, [bp + 4]
demo6.asm(38): error A2048: nondigit in number
				 001A  B9 0004				mov	cx, 4
demo6.asm(39): error A2048: nondigit in number
				 001D  B4 0E				mov	ah, 0Eh		; bios output routine
demo6.asm(40): error A2048: nondigit in number
				 001F  51			L1:	push	cx
demo6.asm(41): error A2048: nondigit in number
				 0020  B9 0004				mov	cx, 4
demo6.asm(42): error A2008: syntax error : B9
				 0023  D3 C2				rol	dx, cl
demo6.asm(43): error A2008: syntax error : D3
				 0025  59				pop	cx
demo6.asm(44): error A2008: syntax error : integer
				 0026  8B DA				mov	bx, dx
demo6.asm(45): error A2048: nondigit in number
				 0028  83 E3 0F				and	bx, 000Fh
demo6.asm(46): error A2048: nondigit in number
				 002B  2E: 8A 87 0000 R			mov	al, hex[bx]
demo6.asm(47): error A2048: nondigit in number
				 0030  CD 10				int	10h
demo6.asm(48): error A2008: syntax error : CD
				 0032  E2 EB				loop	L1
demo6.asm(49): error A2008: syntax error : E2

				 0034  5A				pop dx
demo6.asm(51): error A2008: syntax error : integer
				 0035  59				pop cx
demo6.asm(52): error A2008: syntax error : integer
				 0036  5B				pop bx
demo6.asm(53): error A2048: nondigit in number
				 0037  58				pop ax
demo6.asm(54): error A2008: syntax error : integer

				 0038  8B E5				mov sp, bp
demo6.asm(56): error A2048: nondigit in number
				 003A  5D				pop bp
demo6.asm(57): error A2048: nondigit in number
				 003B  C2 0002				ret 2
demo6.asm(58): error A2048: nondigit in number
				 003E				Out16 ENDP
demo6.asm(59): error A2048: nondigit in number

				 003E				JumpCursor PROC
demo6.asm(61): error A2048: nondigit in number
									; IN: DH row, DL column
									; Move the cursor on page 0.
				 003E  50				push ax
demo6.asm(64): error A2048: nondigit in number
				 003F  53				push bx
demo6.asm(65): error A2048: nondigit in number
				 0040  B7 00				mov bh, 0
demo6.asm(66): error A2008: syntax error : B7
				 0042  B8 0200				mov ax, 0200h
demo6.asm(67): error A2008: syntax error : B8
				 0045  CD 10				int 10h
demo6.asm(68): error A2008: syntax error : CD
				 0047  5B				pop bx
demo6.asm(69): error A2048: nondigit in number
				 0048  58				pop ax
demo6.asm(70): error A2008: syntax error : integer
				 0049  C3				ret
demo6.asm(71): error A2008: syntax error : C3
				 004A				JumpCursor ENDP
demo6.asm(72): error A2048: nondigit in number

				 004A				Out16Corner PROC
demo6.asm(74): error A2048: nondigit in number
									; IN: 16 bit parameter
				 004A  55				push bp
demo6.asm(76): error A2048: nondigit in number
				 004B  8B EC				mov bp, sp
demo6.asm(77): error A2048: nondigit in number

				 004D  50				push ax
demo6.asm(79): error A2008: syntax error : integer
				 004E  53				push bx
demo6.asm(80): error A2048: nondigit in number
				 004F  51				push cx
demo6.asm(81): error A2048: nondigit in number
				 0050  52				push dx
demo6.asm(82): error A2008: syntax error : integer
									
				 0051  B7 00				mov bh, 0
demo6.asm(84): error A2008: syntax error : B7
				 0053  B8 0300				mov ax, 0300h		; get cursor position
demo6.asm(85): error A2008: syntax error : B8
				 0056  CD 10				int 10h
demo6.asm(86): error A2008: syntax error : CD
				 0058  52				push dx			; remember it
demo6.asm(87): error A2008: syntax error : integer

				 0059  B6 01				mov dh, 1
demo6.asm(89): error A2008: syntax error : B6
				 005B  B2 4B				mov dl, 75
demo6.asm(90): error A2048: nondigit in number
				 005D  E8 FFDE				call JumpCursor
demo6.asm(91): error A2008: syntax error : E8

				 0060  FF 76 04				push [bp + 4]		; output the parameter
demo6.asm(93): error A2008: syntax error : FF
				 0063  E8 FFAA				call Out16
demo6.asm(94): error A2008: syntax error : E8

				 0066  5A				pop dx			; move the cursor back!
demo6.asm(96): error A2008: syntax error : integer
				 0067  E8 FFD4				call JumpCursor
demo6.asm(97): error A2008: syntax error : E8

				 006A  5A				pop dx
demo6.asm(99): error A2048: nondigit in number
				 006B  59				pop cx
demo6.asm(100): error A2048: nondigit in number
				 006C  5B				pop bx
demo6.asm(101): error A2048: nondigit in number
				 006D  58				pop ax
demo6.asm(102): error A2008: syntax error : integer

				 006E  8B E5				mov sp, bp
demo6.asm(104): error A2048: nondigit in number
				 0070  5D				pop bp
demo6.asm(105): error A2008: syntax error : integer
				 0071  C2 0002				ret 2
demo6.asm(106): error A2008: syntax error : C2
				 0074				Out16Corner ENDP
demo6.asm(107): error A2008: syntax error : Out16Corner

				 0074 00000000			orig_09 dword ?
demo6.asm(109): error A2008: syntax error : integer
				 0078 0000			count word ?
demo6.asm(110): error A2008: syntax error : integer



				 007A				handle09 PROC
demo6.asm(114): error A2048: nondigit in number

				 007A  9C				pushf
demo6.asm(116): error A2048: nondigit in number
				 007B  2E: FF 1E 0074 R			call orig_09	; handle the keyboard interrupt!
demo6.asm(117): error A2048: nondigit in number
											; Note well, this is an indirect far call.

				 0080  50				push ax
demo6.asm(120): error A2008: syntax error : integer
				 0081  B4 00				mov ah, 0
demo6.asm(121): error A2008: syntax error : B4
				 0083  E4 60				in al, 60h	; read the current key.  (input 
Microsoft (R) Macro Assembler Version 6.11		    10/19/16 12:23:22
demo							     Symbols 2 - 1




Structures and Unions:

                N a m e                  Size
                                         Offset      Type

CursorPosStruc . . . . . . . . .	 0002
  Ycoord . . . . . . . . . . . .	 0000	     Byte
  Xcoord . . . . . . . . . . . .	 0001	     Byte
ExtGetDskFreSpcStruc . . . . . .	 002C
  StructSize . . . . . . . . . .	 0000	     Word
  Level  . . . . . . . . . . . .	 0002	     Word
  SectorsPerCluster  . . . . . .	 0004	     DWord
  BytesPerSector . . . . . . . .	 0008	     DWord
  AvailableClusters  . . . . . .	 000C	     DWord
  TotalClusters  . . . . . . . .	 0010	     DWord
  AvailablePhysSectors . . . . .	 0014	     DWord
  TotalPhysSectors . . . . . . .	 0018	     DWord
  AvailableAllocationUnits . . .	 001C	     DWord
  TotalAllocationUnits . . . . .	 0020	     DWord
  Rsvd . . . . . . . . . . . . .	 0024	     DWord
FPU_ENVIRON  . . . . . . . . . .	 001C
  controlWord  . . . . . . . . .	 0000	     Word
  statusWord . . . . . . . . . .	 0004	     Word
  tagWord  . . . . . . . . . . .	 0008	     Word
  instrPtrLow  . . . . . . . . .	 000C	     Word
  opcodeAndInstrPtrHi  . . . . .	 0010	     DWord
  operandPtrLow  . . . . . . . .	 0014	     Word
  operandPtrHi . . . . . . . . .	 0018	     DWord
TimeRecord . . . . . . . . . . .	 0004
  hours  . . . . . . . . . . . .	 0000	     Byte
  minutes  . . . . . . . . . . .	 0001	     Byte
  seconds  . . . . . . . . . . .	 0002	     Byte
  hhss . . . . . . . . . . . . .	 0003	     Byte
VideoInfoStruc . . . . . . . . .	 0041
  supportedInfoPtr . . . . . . .	 0000	     DWord
  videoMode  . . . . . . . . . .	 0004	     Byte
  numCharColumns . . . . . . . .	 0005	     Word
  videoBufferLen . . . . . . . .	 0007	     Word
  videoBufferStartPtr  . . . . .	 0009	     Word
  cursors  . . . . . . . . . . .	 000B	     Word
  cursorStartLine  . . . . . . .	 001B	     Byte
  cursorEndLine  . . . . . . . .	 001C	     Byte
  activeDisplayPage  . . . . . .	 001D	     Byte
  adapterBasePortAddr  . . . . .	 001E	     Word
  currentRegister3B8or3D8  . . .	 0020	     Byte
  currentRegister3B9or3D9  . . .	 0021	     Byte
  numCharRows  . . . . . . . . .	 0022	     Byte
  characterScanHeight  . . . . .	 0023	     Word
  activeDisplayCode  . . . . . .	 0025	     Byte
  inactiveDisplayCode  . . . . .	 0026	     Byte
  numberOfColors . . . . . . . .	 0027	     Word
  numberOfVideoPages . . . . . .	 0029	     Byte
  numberOfScanLines  . . . . . .	 002A	     Word
  primaryCharBlock . . . . . . .	 002C	     Byte
  secondaryCharBlock . . . . . .	 002D	     Byte
  miscStateInfo  . . . . . . . .	 002E	     Byte
  videoMemAvail  . . . . . . . .	 0032	     Byte
  savePointerStateInfo . . . . .	 0033	     Byte


Segments and Groups:

                N a m e                 Size     Length   Align   Combine Class

DGROUP . . . . . . . . . . . . .	GROUP
_DATA  . . . . . . . . . . . . .	16 Bit	 0000	  Word	  Public  'DATA'	
STACK  . . . . . . . . . . . . .	16 Bit	 0200	  Para	  Stack	  'STACK'	 
_TEXT  . . . . . . . . . . . . .	16 Bit	 0000	  Word	  Public  'CODE'	


Procedures,  parameters and locals:

                N a m e                 Type     Value    Attr

Clrscr . . . . . . . . . . . . .	P Near	 0000	  Length= 0000 External STDCALL
Crlf . . . . . . . . . . . . . .	P Near	 0000	  Length= 0000 External STDCALL
Delay  . . . . . . . . . . . . .	P Near	 0000	  Length= 0000 External STDCALL
DumpMem  . . . . . . . . . . . .	P Near	 0000	  Length= 0000 External STDCALL
DumpRegs . . . . . . . . . . . .	P Near	 0000	  Length= 0000 External STDCALL
GetCommandtail . . . . . . . . .	P Near	 0000	  Length= 0000 External STDCALL
GetMaxXY . . . . . . . . . . . .	P Near	 0000	  Length= 0000 External STDCALL
GetMseconds  . . . . . . . . . .	P Near	 0000	  Length= 0000 External STDCALL
Gotoxy . . . . . . . . . . . . .	P Near	 0000	  Length= 0000 External STDCALL
IsDigit  . . . . . . . . . . . .	P Near	 0000	  Length= 0000 External STDCALL
Random32 . . . . . . . . . . . .	P Near	 0000	  Length= 0000 External STDCALL
RandomRange  . . . . . . . . . .	P Near	 0000	  Length= 0000 External STDCALL
Randomize  . . . . . . . . . . .	P Near	 0000	  Length= 0000 External STDCALL
ReadChar . . . . . . . . . . . .	P Near	 0000	  Length= 0000 External STDCALL
ReadFloat  . . . . . . . . . . .	P Near	 0000	  Length= 0000 External STDCALL
ReadHex  . . . . . . . . . . . .	P Near	 0000	  Length= 0000 External STDCALL
ReadInt  . . . . . . . . . . . .	P Near	 0000	  Length= 0000 External STDCALL
ReadString . . . . . . . . . . .	P Near	 0000	  Length= 0000 External STDCALL
SetTextColor . . . . . . . . . .	P Near	 0000	  Length= 0000 External STDCALL
ShowFPUStack . . . . . . . . . .	P Near	 0000	  Length= 0000 External STDCALL
Str_compare  . . . . . . . . . .	P Near	 0000	  Length= 0000 External STDCALL
Str_copy . . . . . . . . . . . .	P Near	 0000	  Length= 0000 External STDCALL
Str_length . . . . . . . . . . .	P Near	 0000	  Length= 0000 External STDCALL
Str_trim . . . . . . . . . . . .	P Near	 0000	  Length= 0000 External STDCALL
Str_ucase  . . . . . . . . . . .	P Near	 0000	  Length= 0000 External STDCALL
WaitMsg  . . . . . . . . . . . .	P Near	 0000	  Length= 0000 External STDCALL
WriteBinB  . . . . . . . . . . .	P Near	 0000	  Length= 0000 External STDCALL
WriteBin . . . . . . . . . . . .	P Near	 0000	  Length= 0000 External STDCALL
WriteChar  . . . . . . . . . . .	P Near	 0000	  Length= 0000 External STDCALL
WriteDec . . . . . . . . . . . .	P Near	 0000	  Length= 0000 External STDCALL
WriteFloat . . . . . . . . . . .	P Near	 0000	  Length= 0000 External STDCALL
WriteHexB  . . . . . . . . . . .	P Near	 0000	  Length= 0000 External STDCALL
WriteHex . . . . . . . . . . . .	P Near	 0000	  Length= 0000 External STDCALL
WriteInt . . . . . . . . . . . .	P Near	 0000	  Length= 0000 External STDCALL
WriteString  . . . . . . . . . .	P Near	 0000	  Length= 0000 External STDCALL


Symbols:

                N a m e                 Type     Value    Attr

@CodeSize  . . . . . . . . . . .	Number	 0000h	 
@DataSize  . . . . . . . . . . .	Number	 0000h	 
@Interface . . . . . . . . . . .	Number	 0003h	 
@Model . . . . . . . . . . . . .	Number	 0002h	 
@cmdline . . . . . . . . . . . .	Text   	 OFFSET __98765765cmdline
@code  . . . . . . . . . . . . .	Text   	 _TEXT
@data  . . . . . . . . . . . . .	Text   	 DGROUP
@fardata?  . . . . . . . . . . .	Text   	 FAR_BSS
@fardata . . . . . . . . . . . .	Text   	 FAR_DATA
@stack . . . . . . . . . . . . .	Text   	 DGROUP
ACTION_CREATED_OPENED  . . . . .	Number	 0002h	 
ACTION_OPENED  . . . . . . . . .	Number	 0001h	 
ACTION_REPLACED_OPENED . . . . .	Number	 0003h	 
FILE_CREATE  . . . . . . . . . .	Number	 0010h	 
FILE_OPEN  . . . . . . . . . . .	Number	 0001h	 
FILE_TRUNCATE  . . . . . . . . .	Number	 0002h	 
LIGHT_BLUE . . . . . . . . . . .	Number	 0009h	 
LIGHT_CYAN . . . . . . . . . . .	Number	 000Bh	 
LIGHT_GRAY . . . . . . . . . . .	Number	 0007h	 
LIGHT_GREEN  . . . . . . . . . .	Number	 000Ah	 
LIGHT_MAGENTA  . . . . . . . . .	Number	 000Dh	 
LIGHT_RED  . . . . . . . . . . .	Number	 000Ch	 
OPEN_ACCESS_READONLY . . . . . .	Number	 0000h	 
OPEN_ACCESS_READWRITE  . . . . .	Number	 0002h	 
OPEN_ACCESS_RO_NOMODLASTACCESS .	Number	 0004h	 
OPEN_ACCESS_WRITEONLY  . . . . .	Number	 0001h	 
OPEN_FLAGS_ALIAS_HINT  . . . . .	Number	 0400h	 
OPEN_FLAGS_COMMIT  . . . . . . .	Number	 4000h	 
OPEN_FLAGS_NOCRITERR . . . . . .	Number	 2000h	 
OPEN_FLAGS_NOINHERIT . . . . . .	Number	 0080h	 
OPEN_FLAGS_NO_BUFFERING  . . . .	Number	 0100h	 
OPEN_FLAGS_NO_COMPRESS . . . . .	Number	 0200h	 
OPEN_SHARE_COMPATIBLE  . . . . .	Number	 0000h	 
OPEN_SHARE_DENYNONE  . . . . . .	Number	 0040h	 
OPEN_SHARE_DENYREADWRITE . . . .	Number	 0010h	 
OPEN_SHARE_DENYREAD  . . . . . .	Number	 0030h	 
OPEN_SHARE_DENYWRITE . . . . . .	Number	 0020h	 
_A_ARCH  . . . . . . . . . . . .	Number	 0020h	 
_A_HIDDEN  . . . . . . . . . . .	Number	 0002h	 
_A_NORMAL  . . . . . . . . . . .	Number	 0000h	 
_A_RDONLY  . . . . . . . . . . .	Number	 0001h	 
_A_SYSTEM  . . . . . . . . . . .	Number	 0004h	 
_A_VOLID . . . . . . . . . . . .	Number	 0008h	 
black  . . . . . . . . . . . . .	Number	 0000h	 
blue . . . . . . . . . . . . . .	Number	 0001h	 
brown  . . . . . . . . . . . . .	Number	 0006h	 
cyan . . . . . . . . . . . . . .	Number	 0003h	 
exit . . . . . . . . . . . . . .	Text   	 .EXIT
gray . . . . . . . . . . . . . .	Number	 0008h	 
green  . . . . . . . . . . . . .	Number	 0002h	 
lightBlue  . . . . . . . . . . .	Number	 0009h	 
lightCyan  . . . . . . . . . . .	Number	 000Bh	 
lightGray  . . . . . . . . . . .	Number	 0007h	 
lightGreen . . . . . . . . . . .	Number	 000Ah	 
lightMagenta . . . . . . . . . .	Number	 000Dh	 
lightRed . . . . . . . . . . . .	Number	 000Ch	 
magenta  . . . . . . . . . . . .	Number	 0005h	 
red  . . . . . . . . . . . . . .	Number	 0004h	 
white  . . . . . . . . . . . . .	Number	 000Fh	 
yellow . . . . . . . . . . . . .	Number	 000Eh	 

	   0 Warnings
	   86 Errors
